
=== Tue May  2 14:09:55 2023

Packages were changed.
Update Mode: mergeDefaultDependencies

The following packages were added:
  com.unity.postprocessing@3.2.2

=== Tue May  2 14:50:39 2023

Packages were changed.
Update Mode: updateDependencies

The following packages were updated:
  com.unity.inputsystem from version 1.4.4 to 1.5.1
  com.unity.render-pipelines.universal from version 12.1.6 to 12.1.11

=== Tue May  2 14:50:39 2023

Packages were changed.
Update Mode: mergeDefaultDependencies

The following packages were added:
  com.unity.cinemachine@2.8.9
  com.unity.inputsystem@1.5.1

=== Tue May  2 14:52:09 2023

Packages were changed.
Update Mode: updateDependencies

The following packages were updated:
  com.unity.inputsystem from version 1.4.4 to 1.5.1
  com.unity.render-pipelines.universal from version 12.1.6 to 12.1.11

=== Sat Aug  5 15:03:03 2023

Packages were changed.
Update Mode: updateDependencies

The following packages were added:
  com.unity.ai.navigation@1.1.4
The following packages were updated:
  com.unity.cinemachine from version 2.8.9 to 2.9.5
  com.unity.collab-proxy from version 2.0.3 to 2.0.5
  com.unity.feature.2d from version 1.0.0 to 2.0.0
  com.unity.ide.rider from version 3.0.20 to 3.0.24
  com.unity.render-pipelines.universal from version 12.1.11 to 14.0.8
  com.unity.terrain-tools from version 4.0.5 to 5.0.1
  com.unity.test-framework from version 1.1.31 to 1.1.33
  com.unity.timeline from version 1.6.4 to 1.7.4
